<?xml version="1.0" encoding="utf-8"?><testsuites name="pytest tests"><testsuite name="pytest" errors="0" failures="0" skipped="0" tests="19" time="2.364" timestamp="2026-06-20T19:58:09.292537+00:00" hostname="agent-env-77d709c6-255e-4fbb-a165-2c83c2efef9b"><testcase classname="backend.tests.backend_test" name="test_root" time="0.221" /><testcase classname="backend.tests.backend_test" name="test_products_total_count_9" time="0.048" /><testcase classname="backend.tests.backend_test" name="test_products_division_core_count_4" time="0.043" /><testcase classname="backend.tests.backend_test" name="test_products_division_legacy_count_5" time="0.043" /><testcase classname="backend.tests.backend_test" name="test_products_category_tshirt" time="0.080" /><testcase classname="backend.tests.backend_test" name="test_get_product_by_slug" time="0.081" /><testcase classname="backend.tests.backend_test" name="test_get_product_invalid_slug" time="0.041" /><testcase classname="backend.tests.backend_test" name="test_campaigns_count_5" time="0.042" /><testcase classname="backend.tests.backend_test" name="test_campaign_a_yard_detail" time="0.082" /><testcase classname="backend.tests.backend_test" name="test_legacy_redeem_valid_code" time="0.043" /><testcase classname="backend.tests.backend_test" name="test_legacy_redeem_case_insensitive" time="0.083" /><testcase classname="backend.tests.backend_test" name="test_legacy_redeem_invalid_code" time="0.040" /><testcase classname="backend.tests.backend_test" name="test_legacy_request_submission" time="0.054" /><testcase classname="backend.tests.backend_test" name="test_contact_submission" time="0.052" /><testcase classname="backend.tests.backend_test" name="test_newsletter_subscribe" time="0.042" /><testcase classname="backend.tests.backend_test" name="test_manual_order_core_success" time="0.159" /><testcase classname="backend.tests.backend_test" name="test_award_only_blocked_in_manual_order" time="0.123" /><testcase classname="backend.tests.backend_test" name="test_award_only_blocked_in_stripe_session" time="0.083" /><testcase classname="backend.tests.backend_test" name="test_stripe_checkout_session_core" time="0.936" /></testsuite></testsuites>